<?xml version="1.0" encoding="UTF-8"?>
<!-- Generated by org.testng.reporters.JUnitXMLReporter -->
<testsuite ignored="1" hostname="SaiTejas-MacBook-Air.local" failures="1" tests="3" name="Test" time="12.055" errors="0" timestamp="2024-07-04T19:13:44 IST">
  <testcase classname="com.mystore.testcases.TC_MyAccountPageTestDataDrivenTest" name="VerifyLogin" time="2.597"/>
  <testcase classname="com.mystore.testcases.TC_MyAccountPageTestDataDrivenTest" name="VerifyLogin" time="2.088"/>
  <testcase classname="com.mystore.testcases.TC_MyAccountPageTestDataDrivenTest" name="VerifyLogin" time="0.567">
    <failure type="java.lang.IllegalArgumentException" message="Keys to send should be a not null CharSequence">
      <![CDATA[java.lang.IllegalArgumentException: Keys to send should be a not null CharSequence
at org.openqa.selenium.remote.RemoteWebElement.sendKeys(RemoteWebElement.java:96)
at org.openqa.selenium.support.pagefactory.internal.LocatingElementHandler.invoke(LocatingElementHandler.java:51)
at jdk.proxy2/jdk.proxy2.$Proxy30.sendKeys(Unknown Source)
at com.mystore.pageobject.myAccount.enterEmailAddress(myAccount.java:44)
at com.mystore.testcases.TC_MyAccountPageTestDataDrivenTest.VerifyLogin(TC_MyAccountPageTestDataDrivenTest.java:57)
at java.base/java.util.ArrayList.forEach(ArrayList.java:1597)
... Removed 27 stack frames]]>
    </failure>
  </testcase> <!-- VerifyLogin -->
  <testcase classname="com.mystore.testcases.TC_MyAccountPageTestDataDrivenTest" name="verifyRegistrationAndLogin" time="0.0">
    <ignored/>
  </testcase> <!-- verifyRegistrationAndLogin -->
</testsuite> <!-- Test -->
